<?xml version="1.0" encoding="UTF-8"?>
<!-- Generated by org.testng.reporters.JUnitReportReporter -->
<testsuite hostname="EYALKOPEL-LT" name="mavenTest.seleniumTest" tests="3" failures="0" timestamp="1 Feb 2018 15:50:07 GMT" time="105.584" errors="0">
  <testcase name="test" time="49.254" classname="mavenTest.seleniumTest"/>
  <testcase name="test" time="23.506" classname="mavenTest.seleniumTest"/>
  <testcase name="test" time="32.824" classname="mavenTest.seleniumTest"/>
</testsuite> <!-- mavenTest.seleniumTest -->
