<?xml version="1.0" encoding="UTF-8"?>
<!-- Generated by org.testng.reporters.JUnitReportReporter -->
<testsuite hostname="EYALKOPEL-LT" name="mavenTest.seleniumTest" tests="3" failures="0" timestamp="26 Jan 2018 12:04:01 GMT" time="180.300" errors="0">
  <testcase name="test" time="31.200" classname="mavenTest.seleniumTest"/>
  <testcase name="test" time="87.086" classname="mavenTest.seleniumTest"/>
  <testcase name="test" time="62.014" classname="mavenTest.seleniumTest"/>
</testsuite> <!-- mavenTest.seleniumTest -->
