<?xml version="1.0" encoding="UTF-8"?>
<!-- Generated by org.testng.reporters.JUnitReportReporter -->
<testsuite hostname="EYALKOPEL-LT" name="mavenTest.seleniumTest" tests="6" failures="0" timestamp="3 Aug 2018 07:34:34 GMT" time="376.468" errors="0">
  <testcase name="test" time="73.899" classname="mavenTest.seleniumTest"/>
  <testcase name="test" time="53.734" classname="mavenTest.seleniumTest"/>
  <testcase name="test" time="69.884" classname="mavenTest.seleniumTest"/>
  <testcase name="test" time="50.549" classname="mavenTest.seleniumTest"/>
  <testcase name="test" time="63.903" classname="mavenTest.seleniumTest"/>
  <testcase name="test" time="64.499" classname="mavenTest.seleniumTest"/>
</testsuite> <!-- mavenTest.seleniumTest -->
