<?xml version="1.0" encoding="UTF-8"?>
<!-- Generated by org.testng.reporters.JUnitReportReporter -->
<testsuite hostname="EYALKOPEL-LT" name="mavenTest.seleniumTest" tests="1" failures="0" timestamp="25 Apr 2018 07:53:04 GMT" time="55.092" errors="0">
  <testcase name="test" time="55.092" classname="mavenTest.seleniumTest"/>
</testsuite> <!-- mavenTest.seleniumTest -->
