<?xml version="1.0" encoding="UTF-8"?>
<!-- Generated by org.testng.reporters.JUnitReportReporter -->
<testsuite hostname="EYALKOPEL-LT" name="mavenTest.seleniumTest" tests="6" failures="0" timestamp="25 May 2018 06:36:11 GMT" time="408.570" errors="3">
  <testcase name="test" time="57.477" classname="mavenTest.seleniumTest"/>
  <testcase name="test" time="104.613" classname="mavenTest.seleniumTest">
    <error type="org.openqa.selenium.NoSuchElementException" message="no such element (An element could not be located on the page using the given search parameters (XPATH=&#039;//*[@href=&quot;https://en.wikipedia.org/wiki/Jerusalem&quot;]&#039;))  (WARNING: The server did not provide any stacktrace information)
Command duration or timeout: 1.77 seconds
For documentation on this error, please visit: http://seleniumhq.org/exceptions/no_such_element.html
Build info: version: &#039;2.53.1&#039;, revision: &#039;a36b8b1cd5757287168e54b817830adce9b0158d&#039;, time: &#039;2016-06-30 19:26:09&#039;
System info: host: &#039;EYALKOPEL-LT&#039;, ip: &#039;192.168.2.125&#039;, os.name: &#039;Windows 10&#039;, os.arch: &#039;amd64&#039;, os.version: &#039;10.0&#039;, java.version: &#039;1.8.0_131&#039;
Driver info: io.appium.java_client.ios.IOSDriver
Capabilities [{device.majorVersion=11.0.x, dontGoHomeOnQuit=false, device.os=iOS, noReset=false, dontStopAppOnReset=false, reservationDuration=240, reportFormat=xml, fullReset=false, platform=ANY, desired={generateReport=true, takesScreenshot=true, Selenium=parallerProject, platformName=iOS, testName=ios Test}, device.serialNumber=cdaf7a8d7975b9534f335cb27e4839be7672ff39, locationServicesAuthorized=false, device.version=11.1.2, automationName=XCUITest, takesScreenshot=true, reportDirectory=reports, Selenium=parallerProject, autoWebview=false, platformName=iOS, testName=ios Test, device.screenSize=1125x2436, useKeystore=false, cloudViewLink=http://sales.experitest.com/agent-9/#/j0zbW8JO9akB4oEE?1
Picked up Grid Node (seetest_7870)
Reserved Device : iPhone X B0164, generateReport=true, device.manufacture=Apple, instrumentApp=false, device.category=PHONE, autoDismissAlerts=false, reportUrl=https://sales-reporter.experitest.com/#/test/8925/project/Default/, keystorePath=~/.android/debug.keystore, waitForDeviceTimeout=120000, device.model=iPhone X, device.name=iPhone X B0164, autoGrantPermissions=false, projectName=, gridNodePort=7870, autoAcceptAlerts=false}]
Session ID: CLOUD-SID:2018-05-25_09-34-21-b180bdbc-745a-47eb-95e7-d2679a52fdd5
*** Element info: {Using=xpath, value=//*[@href=&quot;https://en.wikipedia.org/wiki/Jerusalem&quot;]}">
      <![CDATA[org.openqa.selenium.NoSuchElementException: no such element (An element could not be located on the page using the given search parameters (XPATH='//*[@href="https://en.wikipedia.org/wiki/Jerusalem"]'))  (WARNING: The server did not provide any stacktrace information)
Command duration or timeout: 1.77 seconds
For documentation on this error, please visit: http://seleniumhq.org/exceptions/no_such_element.html
Build info: version: '2.53.1', revision: 'a36b8b1cd5757287168e54b817830adce9b0158d', time: '2016-06-30 19:26:09'
System info: host: 'EYALKOPEL-LT', ip: '192.168.2.125', os.name: 'Windows 10', os.arch: 'amd64', os.version: '10.0', java.version: '1.8.0_131'
Driver info: io.appium.java_client.ios.IOSDriver
Capabilities [{device.majorVersion=11.0.x, dontGoHomeOnQuit=false, device.os=iOS, noReset=false, dontStopAppOnReset=false, reservationDuration=240, reportFormat=xml, fullReset=false, platform=ANY, desired={generateReport=true, takesScreenshot=true, Selenium=parallerProject, platformName=iOS, testName=ios Test}, device.serialNumber=cdaf7a8d7975b9534f335cb27e4839be7672ff39, locationServicesAuthorized=false, device.version=11.1.2, automationName=XCUITest, takesScreenshot=true, reportDirectory=reports, Selenium=parallerProject, autoWebview=false, platformName=iOS, testName=ios Test, device.screenSize=1125x2436, useKeystore=false, cloudViewLink=http://sales.experitest.com/agent-9/#/j0zbW8JO9akB4oEE?1
Picked up Grid Node (seetest_7870)
Reserved Device : iPhone X B0164, generateReport=true, device.manufacture=Apple, instrumentApp=false, device.category=PHONE, autoDismissAlerts=false, reportUrl=https://sales-reporter.experitest.com/#/test/8925/project/Default/, keystorePath=~/.android/debug.keystore, waitForDeviceTimeout=120000, device.model=iPhone X, device.name=iPhone X B0164, autoGrantPermissions=false, projectName=, gridNodePort=7870, autoAcceptAlerts=false}]
Session ID: CLOUD-SID:2018-05-25_09-34-21-b180bdbc-745a-47eb-95e7-d2679a52fdd5
*** Element info: {Using=xpath, value=//*[@href="https://en.wikipedia.org/wiki/Jerusalem"]}
	at sun.reflect.NativeConstructorAccessorImpl.newInstance0(Native Method)
	at sun.reflect.NativeConstructorAccessorImpl.newInstance(NativeConstructorAccessorImpl.java:62)
	at sun.reflect.DelegatingConstructorAccessorImpl.newInstance(DelegatingConstructorAccessorImpl.java:45)
	at java.lang.reflect.Constructor.newInstance(Constructor.java:423)
	at org.openqa.selenium.remote.ErrorHandler.createThrowable(ErrorHandler.java:206)
	at org.openqa.selenium.remote.ErrorHandler.throwIfResponseFailed(ErrorHandler.java:158)
	at org.openqa.selenium.remote.RemoteWebDriver.execute(RemoteWebDriver.java:678)
	at io.appium.java_client.DefaultGenericMobileDriver.execute(DefaultGenericMobileDriver.java:40)
	at io.appium.java_client.AppiumDriver.execute(AppiumDriver.java:1)
	at io.appium.java_client.ios.IOSDriver.execute(IOSDriver.java:1)
	at org.openqa.selenium.remote.RemoteWebDriver.findElement(RemoteWebDriver.java:363)
	at io.appium.java_client.DefaultGenericMobileDriver.findElement(DefaultGenericMobileDriver.java:56)
	at io.appium.java_client.AppiumDriver.findElement(AppiumDriver.java:1)
	at io.appium.java_client.ios.IOSDriver.findElement(IOSDriver.java:1)
	at org.openqa.selenium.remote.RemoteWebDriver.findElementByXPath(RemoteWebDriver.java:500)
	at io.appium.java_client.DefaultGenericMobileDriver.findElementByXPath(DefaultGenericMobileDriver.java:134)
	at io.appium.java_client.AppiumDriver.findElementByXPath(AppiumDriver.java:1)
	at io.appium.java_client.ios.IOSDriver.findElementByXPath(IOSDriver.java:1)
	at org.openqa.selenium.By$ByXPath.findElement(By.java:361)
	at org.openqa.selenium.remote.RemoteWebDriver.findElement(RemoteWebDriver.java:355)
	at io.appium.java_client.DefaultGenericMobileDriver.findElement(DefaultGenericMobileDriver.java:52)
	at io.appium.java_client.AppiumDriver.findElement(AppiumDriver.java:1)
	at io.appium.java_client.ios.IOSDriver.findElement(IOSDriver.java:1)
	at mavenTest.seleniumTest.test(seleniumTest.java:93)
	at sun.reflect.NativeMethodAccessorImpl.invoke0(Native Method)
	at sun.reflect.NativeMethodAccessorImpl.invoke(NativeMethodAccessorImpl.java:62)
	at sun.reflect.DelegatingMethodAccessorImpl.invoke(DelegatingMethodAccessorImpl.java:43)
	at java.lang.reflect.Method.invoke(Method.java:498)
	at org.testng.internal.MethodInvocationHelper.invokeMethod(MethodInvocationHelper.java:100)
	at org.testng.internal.Invoker.invokeMethod(Invoker.java:646)
	at org.testng.internal.Invoker.invokeTestMethod(Invoker.java:811)
	at org.testng.internal.Invoker.invokeTestMethods(Invoker.java:1129)
	at org.testng.internal.TestMethodWorker.invokeTestMethods(TestMethodWorker.java:129)
	at org.testng.internal.TestMethodWorker.run(TestMethodWorker.java:112)
	at org.testng.TestRunner.privateRun(TestRunner.java:746)
	at org.testng.TestRunner.run(TestRunner.java:600)
	at org.testng.SuiteRunner.runTest(SuiteRunner.java:366)
	at org.testng.SuiteRunner.access$000(SuiteRunner.java:39)
	at org.testng.SuiteRunner$SuiteWorker.run(SuiteRunner.java:400)
	at org.testng.internal.thread.ThreadUtil$2.call(ThreadUtil.java:64)
	at java.util.concurrent.FutureTask.run(FutureTask.java:266)
	at java.util.concurrent.ThreadPoolExecutor.runWorker(ThreadPoolExecutor.java:1142)
	at java.util.concurrent.ThreadPoolExecutor$Worker.run(ThreadPoolExecutor.java:617)
	at java.lang.Thread.run(Thread.java:748)
]]>
    </error>
  </testcase> <!-- test -->
  <testcase name="test" time="58.141" classname="mavenTest.seleniumTest"/>
  <testcase name="test" time="94.181" classname="mavenTest.seleniumTest">
    <error type="org.openqa.selenium.NoSuchElementException" message="no such element (An element could not be located on the page using the given search parameters (XPATH=&#039;//*[@href=&quot;https://en.wikipedia.org/wiki/Jerusalem&quot;]&#039;))  (WARNING: The server did not provide any stacktrace information)
Command duration or timeout: 4.66 seconds
For documentation on this error, please visit: http://seleniumhq.org/exceptions/no_such_element.html
Build info: version: &#039;2.53.1&#039;, revision: &#039;a36b8b1cd5757287168e54b817830adce9b0158d&#039;, time: &#039;2016-06-30 19:26:09&#039;
System info: host: &#039;EYALKOPEL-LT&#039;, ip: &#039;192.168.2.125&#039;, os.name: &#039;Windows 10&#039;, os.arch: &#039;amd64&#039;, os.version: &#039;10.0&#039;, java.version: &#039;1.8.0_131&#039;
Driver info: io.appium.java_client.android.AndroidDriver
Capabilities [{device.majorVersion=5.0.x, dontGoHomeOnQuit=false, device.os=Android, noReset=false, dontStopAppOnReset=false, reservationDuration=240, reportFormat=xml, fullReset=false, platform=ANY, desired={generateReport=true, takesScreenshot=true, Selenium=parallerProject, platformName=Android, testName=android Test}, device.serialNumber=N2K7N16811000808, locationServicesAuthorized=false, device.version=5.0.1, takesScreenshot=true, reportDirectory=reports, Selenium=parallerProject, autoWebview=false, platformName=Android, testName=android Test, device.screenSize=720x1280, useKeystore=false, cloudViewLink=http://sales.experitest.com/agent-11/#/sqfNW86xdxbOSdP4?1
Picked up Grid Node (seetest_7798)
Reserved Device : Huawei ALE-L02 A0125, generateReport=true, device.manufacture=HUAWEI, instrumentApp=false, device.category=PHONE, autoDismissAlerts=false, reportUrl=https://sales-reporter.experitest.com/#/test/8924/project/Default/, keystorePath=~/.android/debug.keystore, waitForDeviceTimeout=120000, device.model=ALE-L02, device.name=Huawei ALE-L02 A0125, autoGrantPermissions=false, projectName=, gridNodePort=7798, autoAcceptAlerts=false}]
Session ID: CLOUD-SID:2018-05-25_09-33-43-07059fa5-5b3d-46f8-b0ae-e36cb69623cb
*** Element info: {Using=xpath, value=//*[@href=&quot;https://en.wikipedia.org/wiki/Jerusalem&quot;]}">
      <![CDATA[org.openqa.selenium.NoSuchElementException: no such element (An element could not be located on the page using the given search parameters (XPATH='//*[@href="https://en.wikipedia.org/wiki/Jerusalem"]'))  (WARNING: The server did not provide any stacktrace information)
Command duration or timeout: 4.66 seconds
For documentation on this error, please visit: http://seleniumhq.org/exceptions/no_such_element.html
Build info: version: '2.53.1', revision: 'a36b8b1cd5757287168e54b817830adce9b0158d', time: '2016-06-30 19:26:09'
System info: host: 'EYALKOPEL-LT', ip: '192.168.2.125', os.name: 'Windows 10', os.arch: 'amd64', os.version: '10.0', java.version: '1.8.0_131'
Driver info: io.appium.java_client.android.AndroidDriver
Capabilities [{device.majorVersion=5.0.x, dontGoHomeOnQuit=false, device.os=Android, noReset=false, dontStopAppOnReset=false, reservationDuration=240, reportFormat=xml, fullReset=false, platform=ANY, desired={generateReport=true, takesScreenshot=true, Selenium=parallerProject, platformName=Android, testName=android Test}, device.serialNumber=N2K7N16811000808, locationServicesAuthorized=false, device.version=5.0.1, takesScreenshot=true, reportDirectory=reports, Selenium=parallerProject, autoWebview=false, platformName=Android, testName=android Test, device.screenSize=720x1280, useKeystore=false, cloudViewLink=http://sales.experitest.com/agent-11/#/sqfNW86xdxbOSdP4?1
Picked up Grid Node (seetest_7798)
Reserved Device : Huawei ALE-L02 A0125, generateReport=true, device.manufacture=HUAWEI, instrumentApp=false, device.category=PHONE, autoDismissAlerts=false, reportUrl=https://sales-reporter.experitest.com/#/test/8924/project/Default/, keystorePath=~/.android/debug.keystore, waitForDeviceTimeout=120000, device.model=ALE-L02, device.name=Huawei ALE-L02 A0125, autoGrantPermissions=false, projectName=, gridNodePort=7798, autoAcceptAlerts=false}]
Session ID: CLOUD-SID:2018-05-25_09-33-43-07059fa5-5b3d-46f8-b0ae-e36cb69623cb
*** Element info: {Using=xpath, value=//*[@href="https://en.wikipedia.org/wiki/Jerusalem"]}
	at sun.reflect.NativeConstructorAccessorImpl.newInstance0(Native Method)
	at sun.reflect.NativeConstructorAccessorImpl.newInstance(NativeConstructorAccessorImpl.java:62)
	at sun.reflect.DelegatingConstructorAccessorImpl.newInstance(DelegatingConstructorAccessorImpl.java:45)
	at java.lang.reflect.Constructor.newInstance(Constructor.java:423)
	at org.openqa.selenium.remote.ErrorHandler.createThrowable(ErrorHandler.java:206)
	at org.openqa.selenium.remote.ErrorHandler.throwIfResponseFailed(ErrorHandler.java:158)
	at org.openqa.selenium.remote.RemoteWebDriver.execute(RemoteWebDriver.java:678)
	at io.appium.java_client.DefaultGenericMobileDriver.execute(DefaultGenericMobileDriver.java:40)
	at io.appium.java_client.AppiumDriver.execute(AppiumDriver.java:1)
	at io.appium.java_client.android.AndroidDriver.execute(AndroidDriver.java:1)
	at org.openqa.selenium.remote.RemoteWebDriver.findElement(RemoteWebDriver.java:363)
	at io.appium.java_client.DefaultGenericMobileDriver.findElement(DefaultGenericMobileDriver.java:56)
	at io.appium.java_client.AppiumDriver.findElement(AppiumDriver.java:1)
	at io.appium.java_client.android.AndroidDriver.findElement(AndroidDriver.java:1)
	at org.openqa.selenium.remote.RemoteWebDriver.findElementByXPath(RemoteWebDriver.java:500)
	at io.appium.java_client.DefaultGenericMobileDriver.findElementByXPath(DefaultGenericMobileDriver.java:134)
	at io.appium.java_client.AppiumDriver.findElementByXPath(AppiumDriver.java:1)
	at io.appium.java_client.android.AndroidDriver.findElementByXPath(AndroidDriver.java:1)
	at org.openqa.selenium.By$ByXPath.findElement(By.java:361)
	at org.openqa.selenium.remote.RemoteWebDriver.findElement(RemoteWebDriver.java:355)
	at io.appium.java_client.DefaultGenericMobileDriver.findElement(DefaultGenericMobileDriver.java:52)
	at io.appium.java_client.AppiumDriver.findElement(AppiumDriver.java:1)
	at io.appium.java_client.android.AndroidDriver.findElement(AndroidDriver.java:1)
	at mavenTest.seleniumTest.test(seleniumTest.java:93)
	at sun.reflect.NativeMethodAccessorImpl.invoke0(Native Method)
	at sun.reflect.NativeMethodAccessorImpl.invoke(NativeMethodAccessorImpl.java:62)
	at sun.reflect.DelegatingMethodAccessorImpl.invoke(DelegatingMethodAccessorImpl.java:43)
	at java.lang.reflect.Method.invoke(Method.java:498)
	at org.testng.internal.MethodInvocationHelper.invokeMethod(MethodInvocationHelper.java:100)
	at org.testng.internal.Invoker.invokeMethod(Invoker.java:646)
	at org.testng.internal.Invoker.invokeTestMethod(Invoker.java:811)
	at org.testng.internal.Invoker.invokeTestMethods(Invoker.java:1129)
	at org.testng.internal.TestMethodWorker.invokeTestMethods(TestMethodWorker.java:129)
	at org.testng.internal.TestMethodWorker.run(TestMethodWorker.java:112)
	at org.testng.TestRunner.privateRun(TestRunner.java:746)
	at org.testng.TestRunner.run(TestRunner.java:600)
	at org.testng.SuiteRunner.runTest(SuiteRunner.java:366)
	at org.testng.SuiteRunner.access$000(SuiteRunner.java:39)
	at org.testng.SuiteRunner$SuiteWorker.run(SuiteRunner.java:400)
	at org.testng.internal.thread.ThreadUtil$2.call(ThreadUtil.java:64)
	at java.util.concurrent.FutureTask.run(FutureTask.java:266)
	at java.util.concurrent.ThreadPoolExecutor.runWorker(ThreadPoolExecutor.java:1142)
	at java.util.concurrent.ThreadPoolExecutor$Worker.run(ThreadPoolExecutor.java:617)
	at java.lang.Thread.run(Thread.java:748)
]]>
    </error>
  </testcase> <!-- test -->
  <testcase name="test" time="38.743" classname="mavenTest.seleniumTest">
    <error type="org.openqa.selenium.WebDriverException" message="Failed to navigate to https://www.google.com. This usually means that a call to the COM method IWebBrowser2::Navigate2() failed.
Build info: version: &#039;3.6.0&#039;, revision: &#039;482e46a&#039;, time: &#039;2018-01-28T05:47:56.042Z&#039;
System info: host: &#039;SALES-DHM2&#039;, ip: &#039;62.90.196.37&#039;, os.name: &#039;Windows NT (unknown)&#039;, os.arch: &#039;x86&#039;, os.version: &#039;10.0&#039;, java.version: &#039;1.8.0_121&#039;
Driver info: driver.version: unknown
Command duration or timeout: 100 milliseconds
Build info: version: &#039;2.53.1&#039;, revision: &#039;a36b8b1cd5757287168e54b817830adce9b0158d&#039;, time: &#039;2016-06-30 19:26:09&#039;
System info: host: &#039;EYALKOPEL-LT&#039;, ip: &#039;192.168.2.125&#039;, os.name: &#039;Windows 10&#039;, os.arch: &#039;amd64&#039;, os.version: &#039;10.0&#039;, java.version: &#039;1.8.0_131&#039;
Driver info: org.openqa.selenium.remote.RemoteWebDriver
Capabilities [{proxy={}, acceptInsecureCerts=false, browserVersion=11, se:ieOptions={nativeEvents=true, browserAttachTimeout=0, ie.ensureCleanSession=false, elementScrollBehavior=0, enablePersistentHover=true, ie.browserCommandLineSwitches=, ie.forceCreateProcessApi=false, requireWindowFocus=false, initialBrowserUrl=http://localhost:12321/, ignoreZoomSetting=false, ie.fileUploadDialogTimeout=3000, ignoreProtectedModeSettings=false}, timeouts={implicit=0, pageLoad=300000, script=30000}, browserName=internet explorer, pageLoadStrategy=normal, unhandledPromptBehavior=dismiss, reportUrl=https://sales-reporter.experitest.com/#/test/8920, platformName=windows, setWindowRect=true, platform=ANY}]
Session ID: acd40701-ada3-441f-b875-a439f81bed9d">
      <![CDATA[org.openqa.selenium.WebDriverException: Failed to navigate to https://www.google.com. This usually means that a call to the COM method IWebBrowser2::Navigate2() failed.
Build info: version: '3.6.0', revision: '482e46a', time: '2018-01-28T05:47:56.042Z'
System info: host: 'SALES-DHM2', ip: '62.90.196.37', os.name: 'Windows NT (unknown)', os.arch: 'x86', os.version: '10.0', java.version: '1.8.0_121'
Driver info: driver.version: unknown
Command duration or timeout: 100 milliseconds
Build info: version: '2.53.1', revision: 'a36b8b1cd5757287168e54b817830adce9b0158d', time: '2016-06-30 19:26:09'
System info: host: 'EYALKOPEL-LT', ip: '192.168.2.125', os.name: 'Windows 10', os.arch: 'amd64', os.version: '10.0', java.version: '1.8.0_131'
Driver info: org.openqa.selenium.remote.RemoteWebDriver
Capabilities [{proxy={}, acceptInsecureCerts=false, browserVersion=11, se:ieOptions={nativeEvents=true, browserAttachTimeout=0, ie.ensureCleanSession=false, elementScrollBehavior=0, enablePersistentHover=true, ie.browserCommandLineSwitches=, ie.forceCreateProcessApi=false, requireWindowFocus=false, initialBrowserUrl=http://localhost:12321/, ignoreZoomSetting=false, ie.fileUploadDialogTimeout=3000, ignoreProtectedModeSettings=false}, timeouts={implicit=0, pageLoad=300000, script=30000}, browserName=internet explorer, pageLoadStrategy=normal, unhandledPromptBehavior=dismiss, reportUrl=https://sales-reporter.experitest.com/#/test/8920, platformName=windows, setWindowRect=true, platform=ANY}]
Session ID: acd40701-ada3-441f-b875-a439f81bed9d
	at sun.reflect.NativeConstructorAccessorImpl.newInstance0(Native Method)
	at sun.reflect.NativeConstructorAccessorImpl.newInstance(NativeConstructorAccessorImpl.java:62)
	at sun.reflect.DelegatingConstructorAccessorImpl.newInstance(DelegatingConstructorAccessorImpl.java:45)
	at java.lang.reflect.Constructor.newInstance(Constructor.java:423)
	at org.openqa.selenium.remote.ErrorHandler.createThrowable(ErrorHandler.java:206)
	at org.openqa.selenium.remote.ErrorHandler.throwIfResponseFailed(ErrorHandler.java:158)
	at org.openqa.selenium.remote.RemoteWebDriver.execute(RemoteWebDriver.java:678)
	at org.openqa.selenium.remote.RemoteWebDriver.get(RemoteWebDriver.java:316)
	at mavenTest.seleniumTest.test(seleniumTest.java:81)
	at sun.reflect.NativeMethodAccessorImpl.invoke0(Native Method)
	at sun.reflect.NativeMethodAccessorImpl.invoke(NativeMethodAccessorImpl.java:62)
	at sun.reflect.DelegatingMethodAccessorImpl.invoke(DelegatingMethodAccessorImpl.java:43)
	at java.lang.reflect.Method.invoke(Method.java:498)
	at org.testng.internal.MethodInvocationHelper.invokeMethod(MethodInvocationHelper.java:100)
	at org.testng.internal.Invoker.invokeMethod(Invoker.java:646)
	at org.testng.internal.Invoker.invokeTestMethod(Invoker.java:811)
	at org.testng.internal.Invoker.invokeTestMethods(Invoker.java:1129)
	at org.testng.internal.TestMethodWorker.invokeTestMethods(TestMethodWorker.java:129)
	at org.testng.internal.TestMethodWorker.run(TestMethodWorker.java:112)
	at org.testng.TestRunner.privateRun(TestRunner.java:746)
	at org.testng.TestRunner.run(TestRunner.java:600)
	at org.testng.SuiteRunner.runTest(SuiteRunner.java:366)
	at org.testng.SuiteRunner.access$000(SuiteRunner.java:39)
	at org.testng.SuiteRunner$SuiteWorker.run(SuiteRunner.java:400)
	at org.testng.internal.thread.ThreadUtil$2.call(ThreadUtil.java:64)
	at java.util.concurrent.FutureTask.run(FutureTask.java:266)
	at java.util.concurrent.ThreadPoolExecutor.runWorker(ThreadPoolExecutor.java:1142)
	at java.util.concurrent.ThreadPoolExecutor$Worker.run(ThreadPoolExecutor.java:617)
	at java.lang.Thread.run(Thread.java:748)
Caused by: org.openqa.selenium.WebDriverException: Failed to navigate to https://www.google.com. This usually means that a call to the COM method IWebBrowser2::Navigate2() failed.
Build info: version: '3.6.0', revision: '482e46a', time: '2018-01-28T05:47:56.042Z'
System info: host: 'SALES-DHM2', ip: '62.90.196.37', os.name: 'Windows NT (unknown)', os.arch: 'x86', os.version: '10.0', java.version: '1.8.0_121'
Driver info: driver.version: unknown
Build info: version: '2.53.1', revision: 'a36b8b1cd5757287168e54b817830adce9b0158d', time: '2016-06-30 19:26:09'
System info: host: 'EYALKOPEL-LT', ip: '192.168.2.125', os.name: 'Windows 10', os.arch: 'amd64', os.version: '10.0', java.version: '1.8.0_131'
Driver info: driver.version: unknown
]]>
    </error>
  </testcase> <!-- test -->
  <testcase name="test" time="55.415" classname="mavenTest.seleniumTest"/>
</testsuite> <!-- mavenTest.seleniumTest -->
